[1] "Number of mutations in the spike protein for all given lineages: 254"
[1] "Number of mutations in the NTD region of the spike for all given lineages: 96"
[1] "Number of mutations in the RBD region of the spike for all given lineages: 75"
[1] "Number of RBD sites: 180"
[1] "Antibody classes:  A,B,C,D1,D2,E1,E2.1,E2.2,E3,F1,F2,F3"
[1] "Number of antibodies:  1535"
[1] "Number of antibodies per group:"

   A    B    C   D1   D2   E1 E2.1 E2.2   E3   F1   F2   F3 
 109   51   88   40   32   61   25   41   63   92  167   67 

Timeline of lineage proportions: 2022-02-01 -- 2023-10-17
Python Output: Number of lineages:  556
Python Output: Number of genomes:  35141
Consonar data does not have the column week_num of the calendar week

[1] "Timeframe of extracted mutation profiles 2022-02-01 to 2023-10-17"
[1] "nan"
 [1] E:T9I        M:A63T       M:Q19E       N:G204R      N:P13L      
 [6] N:R203K      N:S413R      ORF1a:G1307S ORF1a:L3027F ORF1a:L3201F
[11] ORF1a:P3395H ORF1a:S135R  ORF1a:T3090I ORF1a:T3255I ORF1a:T842I 
[16] ORF1b:G1307S ORF1b:I5967V ORF1b:L3027F ORF1b:L3201F ORF1b:P3395H
[21] ORF1b:P4715L ORF1b:R5716C ORF1b:S135R  ORF1b:T3090I ORF1b:T3255I
[26] ORF1b:T6564I ORF1b:T842I  ORF3a:T223I  S:D405N      S:D614G     
[31] S:D796Y      S:E484A      S:G142D      S:G339D      S:H655Y     
[36] S:K417N      S:N440K      S:N501Y      S:N764K      S:N969K     
[41] S:Q493R      S:Q498R      S:Q954H      S:R408S      S:S371F     
[46] S:S373P      S:S375F      S:S477N      S:T19I       S:T376A     
[51] S:T478K      S:V213G      S:Y505H     
108 Levels: E:T9I E:del:1:76 M:A63T M:Q19E ... S:del:24:4

[1] "UNASSIGNED"
[1] M:A63T       E:T9I        ORF1b:P4715L N:G204R      N:R203K     
[6] M:Q19E       S:Q954H     
262 Levels: E:A32D E:T11A E:T9I E:del:1:76 M:A63T M:D3G M:Q19E ... S:del:68:3

[1] "Number of lineages in this dataset: 556"
[1] "Number of mutations in the spike protein for all given lineages: 254"
[1] "Number of mutations in the NTD region of the spike for all given lineages: 41"
[1] "Number of mutations in the RBD region of the spike for all given lineages: 72"
[1] "Number of Spike-Pseudogroups found: 56"
[1] "Number of individual lineages: 208"
[1] "Number of lineages / Spike-pseudogroups found with >  100  genomes available in the dataset that are plotted as a heatmap: 20"

Python Output: Number of Spikegroups: 127 (above 1.0 % in some calendar day) + 1 Wuhan-Hu-1
Python Output: Number of lineages composing Spikegroups (above 1.0 % in some calendar day): 409