Building DAG of jobs...
Using shell: /bin/bash
Provided cores: 8
Rules claiming more threads will be scaled down.
Job stats:
job                              count
-----------------------------  -------
all                                  1
get_absolute_advantage               1
get_relative_lineages                1
get_relative_spikegroups             1
get_susceptible_weighted_mean        1
plot_cross_spk                       1
total                                6

Select jobs to execute...
Failed to solve scheduling problem with ILP solver. Falling back to greedy solver. Run Snakemake with --verbose to see the full solver output for debugging the problem.

[Tue Jan 16 20:41:13 2024]
rule get_susceptible_weighted_mean:
    input: results/SpikeGroups.pck, results/Daily_SpikeGroups_Freq.csv
    output: results/Susceptible_weighted_mean_over_spikegroups_all_PK.csv
    jobid: 1
    reason: Missing output files: results/Susceptible_weighted_mean_over_spikegroups_all_PK.csv
    resources: tmpdir=/var/folders/fn/52prq_116p11kl8vxdls_qth0000gn/T


[Tue Jan 16 20:41:13 2024]
rule plot_cross_spk:
    input: results/Cross_react_dic_spikegroups_ALL.pck
    output: plots/Cross_spikegroups, plots/Cross_spikegroups/Cross_React_AB_A.pdf
    jobid: 4
    reason: Missing output files: plots/Cross_spikegroups/Cross_React_AB_A.pdf
    resources: tmpdir=/var/folders/fn/52prq_116p11kl8vxdls_qth0000gn/T

[Tue Jan 16 20:41:21 2024]
Finished job 1.
1 of 6 steps (17%) done
Select jobs to execute...
Failed to solve scheduling problem with ILP solver. Falling back to greedy solver. Run Snakemake with --verbose to see the full solver output for debugging the problem.

[Tue Jan 16 20:41:21 2024]
rule get_relative_lineages:
    input: results/Immunological_Landscape_ALL, results/Daily_SpikeGroups_Freq.csv, results/Susceptible_weighted_mean_over_spikegroups_all_PK.csv
    output: plots/relative_groups/As_Lineages, plots/relative_groups/As_Lineages/plot_status.csv
    jobid: 5
    reason: Input files updated by another job: results/Susceptible_weighted_mean_over_spikegroups_all_PK.csv
    resources: tmpdir=/var/folders/fn/52prq_116p11kl8vxdls_qth0000gn/T


[Tue Jan 16 20:41:21 2024]
rule get_relative_spikegroups:
    input: results/Immunological_Landscape_ALL, results/Daily_SpikeGroups_Freq.csv, results/Susceptible_weighted_mean_over_spikegroups_all_PK.csv
    output: plots/relative_groups/As_Spikegroups, plots/relative_groups/As_Spikegroups/plot_status.csv
    jobid: 6
    reason: Input files updated by another job: results/Susceptible_weighted_mean_over_spikegroups_all_PK.csv
    resources: tmpdir=/var/folders/fn/52prq_116p11kl8vxdls_qth0000gn/T


[Tue Jan 16 20:41:21 2024]
rule get_absolute_advantage:
    input: smoothed_phi_estimates_gisaid_Japan_vasil.csv, results/Susceptible_weighted_mean_over_spikegroups_all_PK.csv
    output: plots/absolute, plots/absolute/absolute_estimate.pdf, plots/absolute/absolute_estimate.svg
    jobid: 2
    reason: Input files updated by another job: results/Susceptible_weighted_mean_over_spikegroups_all_PK.csv
    resources: tmpdir=/var/folders/fn/52prq_116p11kl8vxdls_qth0000gn/T

[Tue Jan 16 20:41:22 2024]
Finished job 4.
2 of 6 steps (33%) done
[Tue Jan 16 20:41:23 2024]
Finished job 2.
3 of 6 steps (50%) done
[Tue Jan 16 20:41:32 2024]
Finished job 6.
4 of 6 steps (67%) done
[Tue Jan 16 20:41:43 2024]
Finished job 5.
5 of 6 steps (83%) done
Select jobs to execute...

[Tue Jan 16 20:41:43 2024]
localrule all:
    input: results/Susceptible_weighted_mean_over_spikegroups_all_PK.csv, plots/absolute/absolute_estimate.pdf, plots/absolute/absolute_estimate.svg, plots/Spikes_Props/SpikeGroups_Props_overview.pdf, plots/Cross_spikegroups/Cross_React_AB_A.pdf, plots/relative_groups/As_Lineages/plot_status.csv, plots/relative_groups/As_Spikegroups/plot_status.csv
    jobid: 0
    reason: Input files updated by another job: plots/absolute/absolute_estimate.svg, plots/relative_groups/As_Lineages/plot_status.csv, plots/Cross_spikegroups/Cross_React_AB_A.pdf, results/Susceptible_weighted_mean_over_spikegroups_all_PK.csv, plots/absolute/absolute_estimate.pdf, plots/relative_groups/As_Spikegroups/plot_status.csv
    resources: tmpdir=/var/folders/fn/52prq_116p11kl8vxdls_qth0000gn/T

[Tue Jan 16 20:41:43 2024]
Finished job 0.
6 of 6 steps (100%) done
Complete log: .snakemake/log/2024-01-16T204112.529109.snakemake.log
