Building DAG of jobs...
Using shell: /bin/bash
Provided cores: 8
Rules claiming more threads will be scaled down.
Job stats:
job                                         count
----------------------------------------  -------
all                                             1
get_absolute_advantage                          1
get_relative_lineages                           1
get_relative_spikegroups                        1
get_relative_spikegroups_germany_special        1
get_spike_props_overview                        1
get_susceptible_weighted_mean                   1
plot_FR_sites                                   1
plot_FR_sites_wght                              1
plot_cross_spk                                  1
total                                          10

Select jobs to execute...
Failed to solve scheduling problem with ILP solver. Falling back to greedy solver. Run Snakemake with --verbose to see the full solver output for debugging the problem.

[Tue Jan 16 14:59:54 2024]
rule plot_FR_sites:
    input: results/Fold_Resistance_DMS_Sites_Epitopes.csv
    output: plots/FR_sites, plots/FR_sites/foldresistance_DMS_sites_epitopes.pdf
    jobid: 4
    reason: Missing output files: plots/FR_sites/foldresistance_DMS_sites_epitopes.pdf
    resources: tmpdir=/var/folders/fn/52prq_116p11kl8vxdls_qth0000gn/T


[Tue Jan 16 14:59:54 2024]
rule plot_FR_sites_wght:
    input: results/Fold_Resistance_DMS_Sites_Epitopes_weighted.csv
    output: plots/FR_sites_weighted, plots/FR_sites_weighted/foldresistance_DMS_sites_epitopes_weighted.pdf
    jobid: 5
    reason: Missing output files: plots/FR_sites_weighted/foldresistance_DMS_sites_epitopes_weighted.pdf
    resources: tmpdir=/var/folders/fn/52prq_116p11kl8vxdls_qth0000gn/T


[Tue Jan 16 14:59:54 2024]
rule get_susceptible_weighted_mean:
    input: results/SpikeGroups.pck, results/Daily_SpikeGroups_Freq.csv
    output: results/Susceptible_weighted_mean_over_spikegroups_all_PK.csv
    jobid: 1
    reason: Missing output files: results/Susceptible_weighted_mean_over_spikegroups_all_PK.csv
    resources: tmpdir=/var/folders/fn/52prq_116p11kl8vxdls_qth0000gn/T


[Tue Jan 16 14:59:54 2024]
rule plot_cross_spk:
    input: results/Cross_react_dic_spikegroups_ALL.pck
    output: plots/Cross_spikegroups, plots/Cross_spikegroups/Cross_React_AB_A.pdf
    jobid: 6
    reason: Missing output files: plots/Cross_spikegroups/Cross_React_AB_A.pdf
    resources: tmpdir=/var/folders/fn/52prq_116p11kl8vxdls_qth0000gn/T


[Tue Jan 16 14:59:54 2024]
rule get_spike_props_overview:
    input: results/Daily_SpikeGroups_Freq.csv
    output: plots/Spikes_Props, plots/Spikes_Props/SpikeGroups_Props_overview.pdf
    jobid: 3
    reason: Missing output files: plots/Spikes_Props/SpikeGroups_Props_overview.pdf
    resources: tmpdir=/var/folders/fn/52prq_116p11kl8vxdls_qth0000gn/T

[Tue Jan 16 14:59:56 2024]
Finished job 5.
1 of 10 steps (10%) done
[Tue Jan 16 14:59:56 2024]
Finished job 4.
2 of 10 steps (20%) done
[Tue Jan 16 14:59:59 2024]
Finished job 3.
3 of 10 steps (30%) done
[Tue Jan 16 15:00:02 2024]
Finished job 1.
4 of 10 steps (40%) done
Select jobs to execute...
Failed to solve scheduling problem with ILP solver. Falling back to greedy solver. Run Snakemake with --verbose to see the full solver output for debugging the problem.

[Tue Jan 16 15:00:02 2024]
rule get_relative_spikegroups:
    input: results/Immunological_Landscape_ALL, results/Daily_SpikeGroups_Freq.csv, results/Susceptible_weighted_mean_over_spikegroups_all_PK.csv
    output: plots/relative_groups/As_Spikegroups, plots/relative_groups/As_Spikegroups/plot_status.csv
    jobid: 8
    reason: Missing output files: plots/relative_groups/As_Spikegroups/plot_status.csv; Input files updated by another job: results/Susceptible_weighted_mean_over_spikegroups_all_PK.csv
    resources: tmpdir=/var/folders/fn/52prq_116p11kl8vxdls_qth0000gn/T


[Tue Jan 16 15:00:02 2024]
rule get_relative_spikegroups_germany_special:
    input: results/Immunological_Landscape_ALL, results/Daily_SpikeGroups_Freq.csv, results/Susceptible_weighted_mean_over_spikegroups_all_PK.csv
    output: plots/relative_groups_Germany/As_Spikegroups, plots/relative_groups_Germany/As_Spikegroups/plot_status.csv
    jobid: 9
    reason: Missing output files: plots/relative_groups_Germany/As_Spikegroups/plot_status.csv; Input files updated by another job: results/Susceptible_weighted_mean_over_spikegroups_all_PK.csv
    resources: tmpdir=/var/folders/fn/52prq_116p11kl8vxdls_qth0000gn/T


[Tue Jan 16 15:00:02 2024]
rule get_absolute_advantage:
    input: smoothed_phi_estimates_Germany.csv, results/Susceptible_weighted_mean_over_spikegroups_all_PK.csv
    output: plots/absolute, plots/absolute/absolute_estimate.pdf, plots/absolute/absolute_estimate.svg
    jobid: 2
    reason: Missing output files: plots/absolute/absolute_estimate.svg, plots/absolute/absolute_estimate.pdf; Input files updated by another job: results/Susceptible_weighted_mean_over_spikegroups_all_PK.csv
    resources: tmpdir=/var/folders/fn/52prq_116p11kl8vxdls_qth0000gn/T


[Tue Jan 16 15:00:02 2024]
rule get_relative_lineages:
    input: results/Immunological_Landscape_ALL, results/Daily_SpikeGroups_Freq.csv, results/Susceptible_weighted_mean_over_spikegroups_all_PK.csv
    output: plots/relative_groups/As_Lineages, plots/relative_groups/As_Lineages/plot_status.csv
    jobid: 7
    reason: Missing output files: plots/relative_groups/As_Lineages/plot_status.csv; Input files updated by another job: results/Susceptible_weighted_mean_over_spikegroups_all_PK.csv
    resources: tmpdir=/var/folders/fn/52prq_116p11kl8vxdls_qth0000gn/T

[Tue Jan 16 15:00:02 2024]
Finished job 6.
5 of 10 steps (50%) done
[Tue Jan 16 15:00:05 2024]
Finished job 2.
6 of 10 steps (60%) done
[Tue Jan 16 15:00:08 2024]
Finished job 7.
7 of 10 steps (70%) done
[Tue Jan 16 15:00:09 2024]
Finished job 8.
8 of 10 steps (80%) done
[Tue Jan 16 15:00:22 2024]
Finished job 9.
9 of 10 steps (90%) done
Select jobs to execute...

[Tue Jan 16 15:00:22 2024]
localrule all:
    input: results/Susceptible_weighted_mean_over_spikegroups_all_PK.csv, plots/absolute/absolute_estimate.pdf, plots/absolute/absolute_estimate.svg, plots/Spikes_Props/SpikeGroups_Props_overview.pdf, plots/FR_sites/foldresistance_DMS_sites_epitopes.pdf, plots/FR_sites_weighted/foldresistance_DMS_sites_epitopes_weighted.pdf, plots/Cross_spikegroups/Cross_React_AB_A.pdf, plots/relative_groups/As_Lineages/plot_status.csv, plots/relative_groups/As_Spikegroups/plot_status.csv, plots/relative_groups_Germany/As_Spikegroups/plot_status.csv
    jobid: 0
    reason: Input files updated by another job: plots/relative_groups/As_Lineages/plot_status.csv, plots/Cross_spikegroups/Cross_React_AB_A.pdf, results/Susceptible_weighted_mean_over_spikegroups_all_PK.csv, plots/absolute/absolute_estimate.svg, plots/absolute/absolute_estimate.pdf, plots/FR_sites/foldresistance_DMS_sites_epitopes.pdf, plots/Spikes_Props/SpikeGroups_Props_overview.pdf, plots/relative_groups_Germany/As_Spikegroups/plot_status.csv, plots/FR_sites_weighted/foldresistance_DMS_sites_epitopes_weighted.pdf, plots/relative_groups/As_Spikegroups/plot_status.csv
    resources: tmpdir=/var/folders/fn/52prq_116p11kl8vxdls_qth0000gn/T

[Tue Jan 16 15:00:22 2024]
Finished job 0.
10 of 10 steps (100%) done
Complete log: .snakemake/log/2024-01-16T145954.090687.snakemake.log
