Building DAG of jobs...
Using shell: /bin/bash
Provided cores: 8
Rules claiming more threads will be scaled down.
Job stats:
job                             count
----------------------------  -------
all                                 1
compute_cross_delta                 1
get_mutation_and_spikegroups        1
get_spikegroups_frequencies         1
total                               4

Select jobs to execute...

[Tue Jan 16 11:23:05 2024]
rule get_mutation_and_spikegroups:
    input: gisaid_Canada.tsv, results/epitope_data/dms_per_ab_per_site.csv
    output: results/mutation_data, results/mutation_data/mutationprofile_RBD_NTD_mutations.csv, results/mutation_data/mutationprofile_RBD_NTD_pseudogroups.csv
    jobid: 2
    reason: Missing output files: results/mutation_data/mutationprofile_RBD_NTD_pseudogroups.csv, results/mutation_data/mutationprofile_RBD_NTD_mutations.csv
    resources: tmpdir=/var/folders/fn/52prq_116p11kl8vxdls_qth0000gn/T

[Tue Jan 16 11:23:29 2024]
Finished job 2.
1 of 4 steps (25%) done
Select jobs to execute...

[Tue Jan 16 11:23:29 2024]
rule get_spikegroups_frequencies:
    input: smoothed_phi_estimates_gisaid_Canada_vasil.csv, results/Daily_Lineages_Freq_seq_thres_100.csv, results/mutation_data/mutationprofile_RBD_NTD_mutations.csv, results/mutation_data/mutationprofile_RBD_NTD_pseudogroups.csv
    output: results/Daily_SpikeGroups_Freq.csv, results/SpikeGroups.pck, results/Mutation_Profiles.pck, results/Daily_Lineages_Freq_1_percent.csv
    jobid: 1
    reason: Missing output files: results/Daily_SpikeGroups_Freq.csv; Input files updated by another job: results/mutation_data/mutationprofile_RBD_NTD_pseudogroups.csv, results/mutation_data/mutationprofile_RBD_NTD_mutations.csv
    resources: tmpdir=/var/folders/fn/52prq_116p11kl8vxdls_qth0000gn/T

[Tue Jan 16 11:24:16 2024]
Finished job 1.
2 of 4 steps (50%) done
Select jobs to execute...

[Tue Jan 16 11:24:16 2024]
rule compute_cross_delta:
    input: results/SpikeGroups.pck, results/Mutation_Profiles.pck, results/epitope_data/dms_per_ab_per_site.csv
    output: results/Cross_with_delta_valitation.pck
    jobid: 4
    reason: Input files updated by another job: results/SpikeGroups.pck, results/Mutation_Profiles.pck
    resources: tmpdir=/var/folders/fn/52prq_116p11kl8vxdls_qth0000gn/T

[Tue Jan 16 11:24:17 2024]
Finished job 4.
3 of 4 steps (75%) done
Select jobs to execute...

[Tue Jan 16 11:24:17 2024]
localrule all:
    input: results/Daily_SpikeGroups_Freq.csv, results/SpikeGroups.pck, results/Mutation_Profiles.pck, results/epitope_data/dms_per_ab_per_site.csv, results/Cross_with_delta_valitation.pck, results/Daily_Lineages_Freq_1_percent.csv
    jobid: 0
    reason: Input files updated by another job: results/Cross_with_delta_valitation.pck, results/Mutation_Profiles.pck, results/SpikeGroups.pck, results/Daily_SpikeGroups_Freq.csv, results/Daily_Lineages_Freq_1_percent.csv
    resources: tmpdir=/var/folders/fn/52prq_116p11kl8vxdls_qth0000gn/T

[Tue Jan 16 11:24:17 2024]
Finished job 0.
4 of 4 steps (100%) done
Complete log: .snakemake/log/2024-01-16T112305.400975.snakemake.log
