Building DAG of jobs...
Using shell: /bin/bash
Provided cores: 8
Rules claiming more threads will be scaled down.
Job stats:
job                              count
-----------------------------  -------
all                                  1
get_absolute_advantage               1
get_relative_advantage               1
get_relative_advantage_all           1
get_susceptible_weighted_mean        1
plot_FR_sites                        1
plot_cross_all                       1
total                                7

Select jobs to execute...
Failed to solve scheduling problem with ILP solver. Falling back to greedy solver. Run Snakemake with --verbose to see the full solver output for debugging the problem.

[Fri Oct 13 13:26:25 2023]
rule get_susceptible_weighted_mean:
    input: results/SpikeGroups.pck, results/Daily_SpikeGroups_Freq.csv
    output: results/Susceptible_weighted_mean_over_spikegroups_all_PK.csv
    jobid: 1
    reason: Missing output files: results/Susceptible_weighted_mean_over_spikegroups_all_PK.csv
    resources: tmpdir=/var/folders/gp/6wr8fvm17zn8xfc8dwhg0md40000gn/T


[Fri Oct 13 13:26:25 2023]
rule plot_cross_all:
    input: results/Cross_react_dic_spikegroups_ALL.pck, results/Cross_react_dic_spikegroups_BA_2_86.pck
    output: plots/Cross_spikegroups, plots/Cross_spikegroups/Cross_React_AB_A.pdf
    jobid: 4
    reason: Missing output files: plots/Cross_spikegroups/Cross_React_AB_A.pdf
    resources: tmpdir=/var/folders/gp/6wr8fvm17zn8xfc8dwhg0md40000gn/T


[Fri Oct 13 13:26:25 2023]
rule plot_FR_sites:
    input: results/Fold_Resistance_DMS_Sites_Epitopes.csv
    output: plots/FR_sites, plots/FR_sites/foldresistance_DMS_sites_epitopes.pdf
    jobid: 3
    reason: Missing output files: plots/FR_sites/foldresistance_DMS_sites_epitopes.pdf
    resources: tmpdir=/var/folders/gp/6wr8fvm17zn8xfc8dwhg0md40000gn/T

[Fri Oct 13 13:26:26 2023]
Finished job 1.
1 of 7 steps (14%) done
Select jobs to execute...
Failed to solve scheduling problem with ILP solver. Falling back to greedy solver. Run Snakemake with --verbose to see the full solver output for debugging the problem.

[Fri Oct 13 13:26:26 2023]
rule get_relative_advantage:
    input: results/Immunological_Landscape/Susceptible_SpikeGroup_BA_2_86_all_PK.csv, results/Daily_SpikeGroups_Freq.csv, results/Susceptible_weighted_mean_over_spikegroups_all_PK.csv
    output: plots/relative, plots/relative/plot_status.csv
    jobid: 6
    reason: Missing output files: plots/relative/plot_status.csv; Input files updated by another job: results/Susceptible_weighted_mean_over_spikegroups_all_PK.csv
    resources: tmpdir=/var/folders/gp/6wr8fvm17zn8xfc8dwhg0md40000gn/T


[Fri Oct 13 13:26:26 2023]
rule get_absolute_advantage:
    input: caseAscertainmentTable_reportedCasesRatio.csv, results/Susceptible_weighted_mean_over_spikegroups_all_PK.csv
    output: plots/absolute, plots/absolute/absolute_estimate.pdf, plots/absolute/absolute_estimate.svg
    jobid: 2
    reason: Missing output files: plots/absolute/absolute_estimate.pdf, plots/absolute/absolute_estimate.svg; Input files updated by another job: results/Susceptible_weighted_mean_over_spikegroups_all_PK.csv
    resources: tmpdir=/var/folders/gp/6wr8fvm17zn8xfc8dwhg0md40000gn/T


[Fri Oct 13 13:26:26 2023]
rule get_relative_advantage_all:
    input: results/Immunological_Landscape_ALL, results/Daily_SpikeGroups_Freq.csv, results/Susceptible_weighted_mean_over_spikegroups_all_PK.csv
    output: plots/relative_all, plots/relative_all/plot_status_all.csv
    jobid: 5
    reason: Missing output files: plots/relative_all/plot_status_all.csv; Input files updated by another job: results/Susceptible_weighted_mean_over_spikegroups_all_PK.csv
    resources: tmpdir=/var/folders/gp/6wr8fvm17zn8xfc8dwhg0md40000gn/T

[Fri Oct 13 13:26:26 2023]
Finished job 3.
2 of 7 steps (29%) done
[Fri Oct 13 13:26:26 2023]
Finished job 6.
3 of 7 steps (43%) done
[Fri Oct 13 13:26:27 2023]
Finished job 5.
4 of 7 steps (57%) done
[Fri Oct 13 13:26:27 2023]
Finished job 2.
5 of 7 steps (71%) done
[Fri Oct 13 13:26:28 2023]
Finished job 4.
6 of 7 steps (86%) done
Select jobs to execute...

[Fri Oct 13 13:26:28 2023]
localrule all:
    input: results/Susceptible_weighted_mean_over_spikegroups_all_PK.csv, plots/absolute/absolute_estimate.pdf, plots/absolute/absolute_estimate.svg, plots/FR_sites/foldresistance_DMS_sites_epitopes.pdf, plots/Cross_spikegroups/Cross_React_AB_A.pdf, plots/relative_all/plot_status_all.csv, plots/relative/plot_status.csv
    jobid: 0
    reason: Input files updated by another job: plots/relative/plot_status.csv, plots/absolute/absolute_estimate.svg, plots/Cross_spikegroups/Cross_React_AB_A.pdf, plots/absolute/absolute_estimate.pdf, results/Susceptible_weighted_mean_over_spikegroups_all_PK.csv, plots/relative_all/plot_status_all.csv, plots/FR_sites/foldresistance_DMS_sites_epitopes.pdf
    resources: tmpdir=/var/folders/gp/6wr8fvm17zn8xfc8dwhg0md40000gn/T

[Fri Oct 13 13:26:28 2023]
Finished job 0.
7 of 7 steps (100%) done
Complete log: .snakemake/log/2023-10-13T132625.462596.snakemake.log
