Building DAG of jobs...
Using shell: /bin/bash
Provided cores: 8
Rules claiming more threads will be scaled down.
Job stats:
job                                count
-------------------------------  -------
all                                    1
get_FR_DMS_sites                       1
get_Immunological_Landscape            1
get_Immunological_Landscape_all        1
get_cross_neutralization               1
get_cross_neutralization_all           1
get_epitope_landscape                  1
get_lineages_frequencies               1
get_mutation_and_spikegroups           1
get_spikegroups_frequencies            1
total                                 10

Select jobs to execute...
Failed to solve scheduling problem with ILP solver. Falling back to greedy solver. Run Snakemake with --verbose to see the full solver output for debugging the problem.

[Thu Oct 12 10:35:40 2023]
rule get_epitope_landscape:
    input: escape_data_mock.csv, antibody_classes.csv
    output: results/epitope_data, results/epitope_data/dms_per_ab_per_site.csv
    jobid: 5
    reason: Missing output files: results/epitope_data/dms_per_ab_per_site.csv
    resources: tmpdir=/var/folders/gp/6wr8fvm17zn8xfc8dwhg0md40000gn/T


[Thu Oct 12 10:35:40 2023]
rule get_mutation_and_spikegroups:
    input: covsonar_mock.tsv
    output: results/mutation_data, results/mutation_data/mutationprofile_RBD_NTD_mutations.csv, results/mutation_data/mutationprofile_RBD_NTD_pseudogroups.csv
    jobid: 3
    reason: Missing output files: results/mutation_data/mutationprofile_RBD_NTD_mutations.csv, results/mutation_data/mutationprofile_RBD_NTD_pseudogroups.csv
    resources: tmpdir=/var/folders/gp/6wr8fvm17zn8xfc8dwhg0md40000gn/T


[Thu Oct 12 10:35:40 2023]
rule get_lineages_frequencies:
    input: caseAscertainmentTable_reportedCasesRatio.csv, covsonar_mock.tsv
    output: results/Daily_Lineages_Freq.csv
    jobid: 2
    reason: Missing output files: results/Daily_Lineages_Freq.csv
    resources: tmpdir=/var/folders/gp/6wr8fvm17zn8xfc8dwhg0md40000gn/T

[Thu Oct 12 10:35:40 2023]
Finished job 5.
1 of 10 steps (10%) done
[Thu Oct 12 10:35:41 2023]
Finished job 2.
2 of 10 steps (20%) done
[Thu Oct 12 10:35:41 2023]
Finished job 3.
3 of 10 steps (30%) done
Select jobs to execute...

[Thu Oct 12 10:35:41 2023]
rule get_spikegroups_frequencies:
    input: results/Daily_Lineages_Freq.csv, results/mutation_data/mutationprofile_RBD_NTD_mutations.csv, results/mutation_data/mutationprofile_RBD_NTD_pseudogroups.csv
    output: results/Daily_SpikeGroups_Freq.csv, results/SpikeGroups.pck, results/Mutation_Profiles.pck
    jobid: 1
    reason: Missing output files: results/Daily_SpikeGroups_Freq.csv, results/Mutation_Profiles.pck, results/SpikeGroups.pck; Input files updated by another job: results/mutation_data/mutationprofile_RBD_NTD_mutations.csv, results/Daily_Lineages_Freq.csv, results/mutation_data/mutationprofile_RBD_NTD_pseudogroups.csv
    resources: tmpdir=/var/folders/gp/6wr8fvm17zn8xfc8dwhg0md40000gn/T

[Thu Oct 12 10:35:41 2023]
Finished job 1.
4 of 10 steps (40%) done
Select jobs to execute...
Failed to solve scheduling problem with ILP solver. Falling back to greedy solver. Run Snakemake with --verbose to see the full solver output for debugging the problem.

[Thu Oct 12 10:35:41 2023]
rule get_cross_neutralization:
    input: results/SpikeGroups.pck, results/Mutation_Profiles.pck, results/epitope_data/dms_per_ab_per_site.csv
    output: results/Cross_with_delta_validation.pck, results/Cross_react_dic_spikegroups_lineage_XXX.pck
    jobid: 4
    reason: Missing output files: results/Cross_with_delta_validation.pck, results/Cross_react_dic_spikegroups_lineage_XXX.pck; Input files updated by another job: results/Mutation_Profiles.pck, results/epitope_data/dms_per_ab_per_site.csv, results/SpikeGroups.pck
    resources: tmpdir=/var/folders/gp/6wr8fvm17zn8xfc8dwhg0md40000gn/T


[Thu Oct 12 10:35:41 2023]
rule get_FR_DMS_sites:
    input: results/SpikeGroups.pck, results/Mutation_Profiles.pck, results/epitope_data/dms_per_ab_per_site.csv
    output: results/Cross_with_delta_validation_recomputed2.pck, results/Fold_Resistance_DMS_Sites_Epitopes.csv
    jobid: 9
    reason: Missing output files: results/Fold_Resistance_DMS_Sites_Epitopes.csv; Input files updated by another job: results/Mutation_Profiles.pck, results/epitope_data/dms_per_ab_per_site.csv, results/SpikeGroups.pck
    resources: tmpdir=/var/folders/gp/6wr8fvm17zn8xfc8dwhg0md40000gn/T


[Thu Oct 12 10:35:41 2023]
rule get_cross_neutralization_all:
    input: results/SpikeGroups.pck, results/Mutation_Profiles.pck, results/epitope_data/dms_per_ab_per_site.csv
    output: results/Cross_with_delta_validation_recomputed.pck, results/Cross_react_dic_spikegroups_ALL.pck
    jobid: 7
    reason: Missing output files: results/Cross_react_dic_spikegroups_ALL.pck, results/Cross_with_delta_validation_recomputed.pck; Input files updated by another job: results/Mutation_Profiles.pck, results/epitope_data/dms_per_ab_per_site.csv, results/SpikeGroups.pck
    resources: tmpdir=/var/folders/gp/6wr8fvm17zn8xfc8dwhg0md40000gn/T

[Thu Oct 12 10:35:42 2023]
Finished job 4.
5 of 10 steps (50%) done
Select jobs to execute...

[Thu Oct 12 10:35:42 2023]
rule get_Immunological_Landscape:
    input: caseAscertainmentTable_reportedCasesRatio.csv, results/Cross_with_delta_validation.pck, results/Cross_react_dic_spikegroups_lineage_XXX.pck, results/SpikeGroups.pck, results/Daily_SpikeGroups_Freq.csv, results/epitope_data/dms_per_ab_per_site.csv, Clinical_Delta_VE.xlsx
    output: results/Immunological_Landscape, results/Immunological_Landscape/simulation_status_lineage_XXX.csv
    jobid: 6
    reason: Missing output files: results/Immunological_Landscape/simulation_status_lineage_XXX.csv; Input files updated by another job: results/Daily_SpikeGroups_Freq.csv, results/epitope_data/dms_per_ab_per_site.csv, results/Cross_with_delta_validation.pck, results/Cross_react_dic_spikegroups_lineage_XXX.pck, results/SpikeGroups.pck
    resources: tmpdir=/var/folders/gp/6wr8fvm17zn8xfc8dwhg0md40000gn/T

[Thu Oct 12 10:35:42 2023]
Finished job 7.
6 of 10 steps (60%) done
Select jobs to execute...

[Thu Oct 12 10:35:42 2023]
rule get_Immunological_Landscape_all:
    input: caseAscertainmentTable_reportedCasesRatio.csv, results/Cross_with_delta_validation_recomputed.pck, results/Cross_react_dic_spikegroups_ALL.pck, results/SpikeGroups.pck, results/Daily_SpikeGroups_Freq.csv, results/epitope_data/dms_per_ab_per_site.csv, Clinical_Delta_VE.xlsx
    output: results/Immunological_Landscape_ALL, results/Immunological_Landscape_ALL/simulation_status_ALL.csv
    jobid: 8
    reason: Missing output files: results/Immunological_Landscape_ALL/simulation_status_ALL.csv; Input files updated by another job: results/Daily_SpikeGroups_Freq.csv, results/epitope_data/dms_per_ab_per_site.csv, results/Cross_with_delta_validation_recomputed.pck, results/SpikeGroups.pck, results/Cross_react_dic_spikegroups_ALL.pck
    resources: tmpdir=/var/folders/gp/6wr8fvm17zn8xfc8dwhg0md40000gn/T

[Thu Oct 12 10:35:43 2023]
Finished job 9.
7 of 10 steps (70%) done
[Thu Oct 12 10:35:45 2023]
Finished job 6.
8 of 10 steps (80%) done
[Thu Oct 12 10:35:45 2023]
Finished job 8.
9 of 10 steps (90%) done
Select jobs to execute...

[Thu Oct 12 10:35:45 2023]
localrule all:
    input: results/Daily_SpikeGroups_Freq.csv, results/SpikeGroups.pck, results/Mutation_Profiles.pck, results/Cross_react_dic_spikegroups_lineage_XXX.pck, results/Cross_with_delta_validation.pck, results/epitope_data/dms_per_ab_per_site.csv, results/Immunological_Landscape/simulation_status_lineage_XXX.csv, results/Cross_react_dic_spikegroups_ALL.pck, results/Immunological_Landscape_ALL/simulation_status_ALL.csv, results/Fold_Resistance_DMS_Sites_Epitopes.csv
    jobid: 0
    reason: Input files updated by another job: results/epitope_data/dms_per_ab_per_site.csv, results/Daily_SpikeGroups_Freq.csv, results/Mutation_Profiles.pck, results/Cross_with_delta_validation.pck, results/Cross_react_dic_spikegroups_lineage_XXX.pck, results/SpikeGroups.pck, results/Immunological_Landscape/simulation_status_lineage_XXX.csv, results/Fold_Resistance_DMS_Sites_Epitopes.csv, results/Cross_react_dic_spikegroups_ALL.pck, results/Immunological_Landscape_ALL/simulation_status_ALL.csv
    resources: tmpdir=/var/folders/gp/6wr8fvm17zn8xfc8dwhg0md40000gn/T

[Thu Oct 12 10:35:45 2023]
Finished job 0.
10 of 10 steps (100%) done
Complete log: .snakemake/log/2023-10-12T103540.051304.snakemake.log
