Building DAG of jobs...
Using shell: /bin/bash
Provided cores: 8
Rules claiming more threads will be scaled down.
Job stats:
job                             count
----------------------------  -------
all                                 1
get_Immunological_Landscape         1
get_cross_neutralization            1
get_epitope_landscape               1
get_lineages_frequencies            1
get_mutation_and_spikegroups        1
get_spikegroups_frequencies         1
total                               7

Select jobs to execute...
Failed to solve scheduling problem with ILP solver. Falling back to greedy solver. Run Snakemake with --verbose to see the full solver output for debugging the problem.

[Wed Aug 30 14:03:43 2023]
rule get_epitope_landscape:
    input: escape_data.csv, antibody_classes.csv
    output: results/epitope_data, results/epitope_data/dms_per_ab_per_site.csv
    jobid: 5
    reason: Missing output files: results/epitope_data/dms_per_ab_per_site.csv
    resources: tmpdir=/var/folders/gp/6wr8fvm17zn8xfc8dwhg0md40000gn/T


[Wed Aug 30 14:03:43 2023]
rule get_mutation_and_spikegroups:
    input: Stichprobe_RKI-JAN23toAPR23-MOCK.tsv
    output: results/mutation_data, results/mutation_data/mutationprofile_RBD_NTD_mutations.csv, results/mutation_data/mutationprofile_RBD_NTD_pseudogroups.csv
    jobid: 3
    reason: Missing output files: results/mutation_data/mutationprofile_RBD_NTD_pseudogroups.csv, results/mutation_data/mutationprofile_RBD_NTD_mutations.csv
    resources: tmpdir=/var/folders/gp/6wr8fvm17zn8xfc8dwhg0md40000gn/T


[Wed Aug 30 14:03:43 2023]
rule get_lineages_frequencies:
    input: caseAscertainmentTable_reportedCasesRatio.csv, Stichprobe_RKI-JAN23toAPR23-MOCK.tsv
    output: results/Daily_Lineages_Freq.csv
    jobid: 2
    reason: Missing output files: results/Daily_Lineages_Freq.csv
    resources: tmpdir=/var/folders/gp/6wr8fvm17zn8xfc8dwhg0md40000gn/T

[Wed Aug 30 14:03:47 2023]
Finished job 5.
1 of 7 steps (14%) done
[Wed Aug 30 14:03:53 2023]
Finished job 3.
2 of 7 steps (29%) done
[Wed Aug 30 14:04:04 2023]
Finished job 2.
3 of 7 steps (43%) done
Select jobs to execute...

[Wed Aug 30 14:04:04 2023]
rule get_spikegroups_frequencies:
    input: results/Daily_Lineages_Freq.csv, results/mutation_data/mutationprofile_RBD_NTD_mutations.csv, results/mutation_data/mutationprofile_RBD_NTD_pseudogroups.csv
    output: results/Daily_SpikeGroups_Freq.csv, results/SpikeGroups.pck, results/Mutation_Profiles.pck
    jobid: 1
    reason: Missing output files: results/SpikeGroups.pck, results/Daily_SpikeGroups_Freq.csv, results/Mutation_Profiles.pck; Input files updated by another job: results/mutation_data/mutationprofile_RBD_NTD_pseudogroups.csv, results/mutation_data/mutationprofile_RBD_NTD_mutations.csv, results/Daily_Lineages_Freq.csv
    resources: tmpdir=/var/folders/gp/6wr8fvm17zn8xfc8dwhg0md40000gn/T

[Wed Aug 30 14:04:05 2023]
Finished job 1.
4 of 7 steps (57%) done
Select jobs to execute...

[Wed Aug 30 14:04:05 2023]
rule get_cross_neutralization:
    input: results/SpikeGroups.pck, results/Mutation_Profiles.pck, results/epitope_data/dms_per_ab_per_site.csv
    output: results/Cross_with_delta_validation.pck, results/Cross_react_dic_spikegroups.pck
    jobid: 4
    reason: Missing output files: results/Cross_react_dic_spikegroups.pck, results/Cross_with_delta_validation.pck; Input files updated by another job: results/SpikeGroups.pck, results/epitope_data/dms_per_ab_per_site.csv, results/Mutation_Profiles.pck
    resources: tmpdir=/var/folders/gp/6wr8fvm17zn8xfc8dwhg0md40000gn/T

[Wed Aug 30 14:04:05 2023]
Error in rule get_cross_neutralization:
    jobid: 4
    input: results/SpikeGroups.pck, results/Mutation_Profiles.pck, results/epitope_data/dms_per_ab_per_site.csv
    output: results/Cross_with_delta_validation.pck, results/Cross_react_dic_spikegroups.pck
    shell:
        python /Users/nilsgubela/Desktop/Projects/Covid_Immune/VASIL/scripts/Cross_neutralization/Compute_FR.py results/SpikeGroups.pck results/Mutation_Profiles.pck results/epitope_data/dms_per_ab_per_site.csv lineage_XXX XXX_mutation_focus.txt results/Cross_with_delta_validation.pck results/Cross_react_dic_spikegroups.pck
        (one of the commands exited with non-zero exit code; note that snakemake uses bash strict mode!)

Shutting down, this might take some time.
Exiting because a job execution failed. Look above for error message
Complete log: .snakemake/log/2023-08-30T140343.619468.snakemake.log
