Building DAG of jobs...
Using shell: /bin/bash
Provided cores: 8
Rules claiming more threads will be scaled down.
Job stats:
job                                count
-------------------------------  -------
all                                    1
get_FR_DMS_sites                       1
get_Immunological_Landscape            1
get_Immunological_Landscape_all        1
get_cross_neutralization               1
get_cross_neutralization_all           1
get_epitope_landscape                  1
get_lineages_frequencies               1
get_mutation_and_spikegroups           1
get_spikegroups_frequencies            1
total                                 10

Select jobs to execute...
Failed to solve scheduling problem with ILP solver. Falling back to greedy solver. Run Snakemake with --verbose to see the full solver output for debugging the problem.

[Fri Oct 13 13:26:12 2023]
rule get_lineages_frequencies:
    input: caseAscertainmentTable_reportedCasesRatio.csv, covsonar_mock.tsv
    output: results/Daily_Lineages_Freq.csv
    jobid: 2
    reason: Missing output files: results/Daily_Lineages_Freq.csv
    resources: tmpdir=/var/folders/gp/6wr8fvm17zn8xfc8dwhg0md40000gn/T


[Fri Oct 13 13:26:12 2023]
rule get_mutation_and_spikegroups:
    input: covsonar_mock.tsv
    output: results/mutation_data, results/mutation_data/mutationprofile_RBD_NTD_mutations.csv, results/mutation_data/mutationprofile_RBD_NTD_pseudogroups.csv
    jobid: 3
    reason: Missing output files: results/mutation_data/mutationprofile_RBD_NTD_mutations.csv, results/mutation_data/mutationprofile_RBD_NTD_pseudogroups.csv
    resources: tmpdir=/var/folders/gp/6wr8fvm17zn8xfc8dwhg0md40000gn/T


[Fri Oct 13 13:26:12 2023]
rule get_epitope_landscape:
    input: escape_data_mock.csv, antibody_classes.csv
    output: results/epitope_data, results/epitope_data/dms_per_ab_per_site.csv
    jobid: 4
    reason: Missing output files: results/epitope_data/dms_per_ab_per_site.csv
    resources: tmpdir=/var/folders/gp/6wr8fvm17zn8xfc8dwhg0md40000gn/T

[Fri Oct 13 13:26:12 2023]
Finished job 2.
1 of 10 steps (10%) done
[Fri Oct 13 13:26:14 2023]
Finished job 4.
2 of 10 steps (20%) done
[Fri Oct 13 13:26:15 2023]
Finished job 3.
3 of 10 steps (30%) done
Select jobs to execute...

[Fri Oct 13 13:26:15 2023]
rule get_spikegroups_frequencies:
    input: results/Daily_Lineages_Freq.csv, results/mutation_data/mutationprofile_RBD_NTD_mutations.csv, results/mutation_data/mutationprofile_RBD_NTD_pseudogroups.csv
    output: results/Daily_SpikeGroups_Freq.csv, results/SpikeGroups.pck, results/Mutation_Profiles.pck
    jobid: 1
    reason: Missing output files: results/Daily_SpikeGroups_Freq.csv, results/SpikeGroups.pck, results/Mutation_Profiles.pck; Input files updated by another job: results/Daily_Lineages_Freq.csv, results/mutation_data/mutationprofile_RBD_NTD_pseudogroups.csv, results/mutation_data/mutationprofile_RBD_NTD_mutations.csv
    resources: tmpdir=/var/folders/gp/6wr8fvm17zn8xfc8dwhg0md40000gn/T

[Fri Oct 13 13:26:15 2023]
Finished job 1.
4 of 10 steps (40%) done
Select jobs to execute...
Failed to solve scheduling problem with ILP solver. Falling back to greedy solver. Run Snakemake with --verbose to see the full solver output for debugging the problem.

[Fri Oct 13 13:26:15 2023]
rule get_cross_neutralization:
    input: results/SpikeGroups.pck, results/Mutation_Profiles.pck, results/epitope_data/dms_per_ab_per_site.csv
    output: results/Cross_with_delta_validation.pck, results/Cross_react_dic_spikegroups_BA_2_86.pck
    jobid: 8
    reason: Missing output files: results/Cross_react_dic_spikegroups_BA_2_86.pck, results/Cross_with_delta_validation.pck; Input files updated by another job: results/SpikeGroups.pck, results/epitope_data/dms_per_ab_per_site.csv, results/Mutation_Profiles.pck
    resources: tmpdir=/var/folders/gp/6wr8fvm17zn8xfc8dwhg0md40000gn/T


[Fri Oct 13 13:26:15 2023]
rule get_FR_DMS_sites:
    input: results/SpikeGroups.pck, results/Mutation_Profiles.pck, results/epitope_data/dms_per_ab_per_site.csv
    output: results/Cross_with_delta_validation_too.pck, results/Fold_Resistance_DMS_Sites_Epitopes.csv
    jobid: 7
    reason: Missing output files: results/Fold_Resistance_DMS_Sites_Epitopes.csv, results/Cross_with_delta_validation_too.pck; Input files updated by another job: results/SpikeGroups.pck, results/epitope_data/dms_per_ab_per_site.csv, results/Mutation_Profiles.pck
    resources: tmpdir=/var/folders/gp/6wr8fvm17zn8xfc8dwhg0md40000gn/T


[Fri Oct 13 13:26:15 2023]
rule get_cross_neutralization_all:
    input: results/SpikeGroups.pck, results/Mutation_Profiles.pck, results/epitope_data/dms_per_ab_per_site.csv
    output: results/Cross_with_delta_validation_recomputed.pck, results/Cross_react_dic_spikegroups_ALL.pck
    jobid: 5
    reason: Missing output files: results/Cross_react_dic_spikegroups_ALL.pck, results/Cross_with_delta_validation_recomputed.pck; Input files updated by another job: results/SpikeGroups.pck, results/epitope_data/dms_per_ab_per_site.csv, results/Mutation_Profiles.pck
    resources: tmpdir=/var/folders/gp/6wr8fvm17zn8xfc8dwhg0md40000gn/T

[Fri Oct 13 13:26:15 2023]
Finished job 8.
5 of 10 steps (50%) done
Select jobs to execute...

[Fri Oct 13 13:26:15 2023]
rule get_Immunological_Landscape:
    input: caseAscertainmentTable_reportedCasesRatio.csv, results/Cross_with_delta_validation.pck, results/Cross_react_dic_spikegroups_BA_2_86.pck, results/SpikeGroups.pck, results/Daily_SpikeGroups_Freq.csv, results/epitope_data/dms_per_ab_per_site.csv, Clinical_Delta_VE.xlsx
    output: results/Immunological_Landscape, results/Immunological_Landscape/simulation_status_BA_2_86.csv
    jobid: 9
    reason: Missing output files: results/Immunological_Landscape/simulation_status_BA_2_86.csv; Input files updated by another job: results/SpikeGroups.pck, results/Cross_with_delta_validation.pck, results/Daily_SpikeGroups_Freq.csv, results/Cross_react_dic_spikegroups_BA_2_86.pck, results/epitope_data/dms_per_ab_per_site.csv
    resources: tmpdir=/var/folders/gp/6wr8fvm17zn8xfc8dwhg0md40000gn/T

[Fri Oct 13 13:26:15 2023]
Finished job 5.
6 of 10 steps (60%) done
Select jobs to execute...

[Fri Oct 13 13:26:15 2023]
rule get_Immunological_Landscape_all:
    input: caseAscertainmentTable_reportedCasesRatio.csv, results/Cross_with_delta_validation_recomputed.pck, results/Cross_react_dic_spikegroups_ALL.pck, results/SpikeGroups.pck, results/Daily_SpikeGroups_Freq.csv, results/epitope_data/dms_per_ab_per_site.csv, Clinical_Delta_VE.xlsx
    output: results/Immunological_Landscape_ALL, results/Immunological_Landscape_ALL/simulation_status_ALL.csv
    jobid: 6
    reason: Missing output files: results/Immunological_Landscape_ALL/simulation_status_ALL.csv; Input files updated by another job: results/SpikeGroups.pck, results/Cross_with_delta_validation_recomputed.pck, results/Daily_SpikeGroups_Freq.csv, results/epitope_data/dms_per_ab_per_site.csv, results/Cross_react_dic_spikegroups_ALL.pck
    resources: tmpdir=/var/folders/gp/6wr8fvm17zn8xfc8dwhg0md40000gn/T

[Fri Oct 13 13:26:16 2023]
Finished job 7.
7 of 10 steps (70%) done
[Fri Oct 13 13:26:19 2023]
Finished job 9.
8 of 10 steps (80%) done
[Fri Oct 13 13:26:19 2023]
Finished job 6.
9 of 10 steps (90%) done
Select jobs to execute...

[Fri Oct 13 13:26:19 2023]
localrule all:
    input: results/Daily_SpikeGroups_Freq.csv, results/SpikeGroups.pck, results/Mutation_Profiles.pck, results/epitope_data/dms_per_ab_per_site.csv, results/Cross_react_dic_spikegroups_ALL.pck, results/Immunological_Landscape_ALL/simulation_status_ALL.csv, results/Cross_with_delta_validation_too.pck, results/Fold_Resistance_DMS_Sites_Epitopes.csv, results/Cross_react_dic_spikegroups_BA_2_86.pck, results/Immunological_Landscape/simulation_status_BA_2_86.csv, results/Cross_with_delta_validation.pck
    jobid: 0
    reason: Input files updated by another job: results/SpikeGroups.pck, results/Fold_Resistance_DMS_Sites_Epitopes.csv, results/Mutation_Profiles.pck, results/Cross_with_delta_validation.pck, results/Daily_SpikeGroups_Freq.csv, results/Immunological_Landscape_ALL/simulation_status_ALL.csv, results/Cross_react_dic_spikegroups_BA_2_86.pck, results/epitope_data/dms_per_ab_per_site.csv, results/Immunological_Landscape/simulation_status_BA_2_86.csv, results/Cross_with_delta_validation_too.pck, results/Cross_react_dic_spikegroups_ALL.pck
    resources: tmpdir=/var/folders/gp/6wr8fvm17zn8xfc8dwhg0md40000gn/T

[Fri Oct 13 13:26:19 2023]
Finished job 0.
10 of 10 steps (100%) done
Complete log: .snakemake/log/2023-10-13T132609.780022.snakemake.log
