Building DAG of jobs...
Using shell: /bin/bash
Provided cores: 8
Rules claiming more threads will be scaled down.
Job stats:
job                              count
-----------------------------  -------
all                                  1
get_absolute_advantage               1
get_relative_advantage               1
get_susceptible_weighted_mean        1
plot_FR_sites                        1
plot_cross_all                       1
total                                6

Select jobs to execute...
Failed to solve scheduling problem with ILP solver. Falling back to greedy solver. Run Snakemake with --verbose to see the full solver output for debugging the problem.

[Thu Oct 12 10:35:51 2023]
rule get_susceptible_weighted_mean:
    input: results/SpikeGroups.pck, results/Daily_SpikeGroups_Freq.csv
    output: results/Susceptible_weighted_mean_over_spikegroups_all_PK.csv
    jobid: 1
    reason: Missing output files: results/Susceptible_weighted_mean_over_spikegroups_all_PK.csv
    resources: tmpdir=/var/folders/gp/6wr8fvm17zn8xfc8dwhg0md40000gn/T


[Thu Oct 12 10:35:51 2023]
rule plot_FR_sites:
    input: results/Fold_Resistance_DMS_Sites_Epitopes.csv
    output: plots/FR_sites, plots/FR_sites/foldresistance_DMS_sites_epitopes.pdf
    jobid: 4
    reason: Missing output files: plots/FR_sites/foldresistance_DMS_sites_epitopes.pdf
    resources: tmpdir=/var/folders/gp/6wr8fvm17zn8xfc8dwhg0md40000gn/T


[Thu Oct 12 10:35:51 2023]
rule plot_cross_all:
    input: results/Cross_react_dic_spikegroups_ALL.pck, results/Cross_react_dic_spikegroups_lineage_XXX.pck
    output: plots/Cross_spikegroups, plots/Cross_spikegroups/Cross_React_AB_A.pdf
    jobid: 5
    reason: Missing output files: plots/Cross_spikegroups/Cross_React_AB_A.pdf
    resources: tmpdir=/var/folders/gp/6wr8fvm17zn8xfc8dwhg0md40000gn/T

[Thu Oct 12 10:35:51 2023]
Finished job 1.
1 of 6 steps (17%) done
Select jobs to execute...
Failed to solve scheduling problem with ILP solver. Falling back to greedy solver. Run Snakemake with --verbose to see the full solver output for debugging the problem.

[Thu Oct 12 10:35:51 2023]
rule get_absolute_advantage:
    input: caseAscertainmentTable_reportedCasesRatio.csv, results/Susceptible_weighted_mean_over_spikegroups_all_PK.csv
    output: plots/absolute, plots/absolute/absolute_estimate.pdf, plots/absolute/absolute_estimate.svg
    jobid: 2
    reason: Missing output files: plots/absolute/absolute_estimate.pdf, plots/absolute/absolute_estimate.svg; Input files updated by another job: results/Susceptible_weighted_mean_over_spikegroups_all_PK.csv
    resources: tmpdir=/var/folders/gp/6wr8fvm17zn8xfc8dwhg0md40000gn/T


[Thu Oct 12 10:35:51 2023]
rule get_relative_advantage:
    input: results/Immunological_Landscape/Susceptible_SpikeGroup_lineage_XXX_all_PK.csv, results/Daily_SpikeGroups_Freq.csv, results/Susceptible_weighted_mean_over_spikegroups_all_PK.csv
    output: plots/relative, plots/relative/plot_status.csv
    jobid: 3
    reason: Missing output files: plots/relative/plot_status.csv; Input files updated by another job: results/Susceptible_weighted_mean_over_spikegroups_all_PK.csv
    resources: tmpdir=/var/folders/gp/6wr8fvm17zn8xfc8dwhg0md40000gn/T

[Thu Oct 12 10:35:51 2023]
Finished job 4.
2 of 6 steps (33%) done
[Thu Oct 12 10:35:52 2023]
Finished job 3.
3 of 6 steps (50%) done
[Thu Oct 12 10:35:52 2023]
Finished job 2.
4 of 6 steps (67%) done
[Thu Oct 12 10:35:53 2023]
Finished job 5.
5 of 6 steps (83%) done
Select jobs to execute...

[Thu Oct 12 10:35:53 2023]
localrule all:
    input: results/Susceptible_weighted_mean_over_spikegroups_all_PK.csv, plots/absolute/absolute_estimate.pdf, plots/absolute/absolute_estimate.svg, plots/relative/plot_status.csv, plots/FR_sites/foldresistance_DMS_sites_epitopes.pdf, plots/Cross_spikegroups/Cross_React_AB_A.pdf
    jobid: 0
    reason: Input files updated by another job: plots/Cross_spikegroups/Cross_React_AB_A.pdf, plots/absolute/absolute_estimate.svg, results/Susceptible_weighted_mean_over_spikegroups_all_PK.csv, plots/absolute/absolute_estimate.pdf, plots/relative/plot_status.csv, plots/FR_sites/foldresistance_DMS_sites_epitopes.pdf
    resources: tmpdir=/var/folders/gp/6wr8fvm17zn8xfc8dwhg0md40000gn/T

[Thu Oct 12 10:35:53 2023]
Finished job 0.
6 of 6 steps (100%) done
Complete log: .snakemake/log/2023-10-12T103550.884712.snakemake.log
