Building DAG of jobs...
Using shell: /bin/bash
Provided cores: 8
Rules claiming more threads will be scaled down.
Job stats:
job                             count
----------------------------  -------
all                                 1
get_Immunological_Landscape         1
get_cross_neutralization            1
get_epitope_landscape               1
get_lineages_frequencies            1
get_mutation_and_spikegroups        1
get_spikegroups_frequencies         1
total                               7

Select jobs to execute...
Failed to solve scheduling problem with ILP solver. Falling back to greedy solver. Run Snakemake with --verbose to see the full solver output for debugging the problem.

[Wed Aug 30 13:55:00 2023]
rule get_epitope_landscape:
    input: escape_data.csv, antibody_classes.csv
    output: results/epitope_data, results/epitope_data/dms_per_ab_per_site.csv
    jobid: 5
    reason: Missing output files: results/epitope_data/dms_per_ab_per_site.csv
    resources: tmpdir=/var/folders/gp/6wr8fvm17zn8xfc8dwhg0md40000gn/T


[Wed Aug 30 13:55:00 2023]
rule get_mutation_and_spikegroups:
    input: Stichprobe_RKI-JAN23toAPR23-MOCK.tsv
    output: results/mutation_data, results/mutation_data/mutationprofile_RBD_NTD_mutations.csv, results/mutation_data/mutationprofile_RBD_NTD_pseudogroups.csv
    jobid: 3
    reason: Missing output files: results/mutation_data/mutationprofile_RBD_NTD_mutations.csv, results/mutation_data/mutationprofile_RBD_NTD_pseudogroups.csv
    resources: tmpdir=/var/folders/gp/6wr8fvm17zn8xfc8dwhg0md40000gn/T


[Wed Aug 30 13:55:00 2023]
rule get_lineages_frequencies:
    input: caseAscertainmentTable_reportedCasesRatio.csv, Stichprobe_RKI-JAN23toAPR23-MOCK.tsv
    output: results/Daily_Lineages_Freq.csv
    jobid: 2
    reason: Missing output files: results/Daily_Lineages_Freq.csv
    resources: tmpdir=/var/folders/gp/6wr8fvm17zn8xfc8dwhg0md40000gn/T

[Wed Aug 30 13:55:01 2023]
Error in rule get_lineages_frequencies:
    jobid: 2
    input: caseAscertainmentTable_reportedCasesRatio.csv, Stichprobe_RKI-JAN23toAPR23-MOCK.tsv
    output: results/Daily_Lineages_Freq.csv
    shell:
        python /Users/nilsgubela/Desktop/Projects/Covid_Immune/VASIL/scripts/SpikeGroups_frequencies/Lineages_freqs.py caseAscertainmentTable_reportedCasesRatio.csv Stichprobe_RKI-JAN23toAPR23-MOCK.tsv 2023-01-01 results/Daily_Lineages_Freq.csv
        (one of the commands exited with non-zero exit code; note that snakemake uses bash strict mode!)

[Wed Aug 30 13:55:04 2023]
Finished job 5.
1 of 7 steps (14%) done
