Building DAG of jobs...
Using shell: /bin/bash
Provided cores: 8
Rules claiming more threads will be scaled down.
Job stats:
job                            count
---------------------------  -------
all                                1
get_Immunological_Landscape        1
get_cross_neutralization           1
total                              3

Select jobs to execute...

[Wed Aug 30 15:12:21 2023]
rule get_cross_neutralization:
    input: results/SpikeGroups.pck, results/Mutation_Profiles.pck, results/epitope_data/dms_per_ab_per_site.csv
    output: results/Cross_with_delta_validation.pck, results/Cross_react_dic_spikegroups.pck
    jobid: 4
    reason: Missing output files: results/Cross_with_delta_validation.pck, results/Cross_react_dic_spikegroups.pck
    resources: tmpdir=/var/folders/gp/6wr8fvm17zn8xfc8dwhg0md40000gn/T

[Wed Aug 30 15:12:21 2023]
Error in rule get_cross_neutralization:
    jobid: 4
    input: results/SpikeGroups.pck, results/Mutation_Profiles.pck, results/epitope_data/dms_per_ab_per_site.csv
    output: results/Cross_with_delta_validation.pck, results/Cross_react_dic_spikegroups.pck
    shell:
        python /Users/nilsgubela/Desktop/Projects/Covid_Immune/VASIL/scripts/Cross_neutralization/Compute_FR.py results/SpikeGroups.pck results/Mutation_Profiles.pck results/epitope_data/dms_per_ab_per_site.csv lineage_XXX XXX_mutation_focus.txt results/Cross_with_delta_validation.pck results/Cross_react_dic_spikegroups.pck
        (one of the commands exited with non-zero exit code; note that snakemake uses bash strict mode!)

Shutting down, this might take some time.
Exiting because a job execution failed. Look above for error message
Complete log: .snakemake/log/2023-08-30T151220.632600.snakemake.log
