Building DAG of jobs...
Using shell: /bin/bash
Provided cores: 8
Rules claiming more threads will be scaled down.
Job stats:
job                              count
-----------------------------  -------
all                                  1
get_absolute_advantage               1
get_relative_lineages                1
get_relative_spikegroups             1
get_susceptible_weighted_mean        1
total                                5

Select jobs to execute...

[Tue Jan 16 22:40:28 2024]
rule get_susceptible_weighted_mean:
    input: results/SpikeGroups.pck, results/Daily_SpikeGroups_Freq.csv
    output: results/Susceptible_weighted_mean_over_spikegroups_all_PK.csv
    jobid: 1
    reason: Missing output files: results/Susceptible_weighted_mean_over_spikegroups_all_PK.csv
    resources: tmpdir=/var/folders/fn/52prq_116p11kl8vxdls_qth0000gn/T

[Tue Jan 16 22:40:33 2024]
Finished job 1.
1 of 5 steps (20%) done
Select jobs to execute...
Failed to solve scheduling problem with ILP solver. Falling back to greedy solver. Run Snakemake with --verbose to see the full solver output for debugging the problem.

[Tue Jan 16 22:40:33 2024]
rule get_relative_lineages:
    input: results/Immunological_Landscape_ALL, results/Daily_SpikeGroups_Freq.csv, results/Susceptible_weighted_mean_over_spikegroups_all_PK.csv
    output: plots/relative_groups/As_Lineages, plots/relative_groups/As_Lineages/plot_status.csv
    jobid: 5
    reason: Input files updated by another job: results/Susceptible_weighted_mean_over_spikegroups_all_PK.csv; Params have changed since last execution
    resources: tmpdir=/var/folders/fn/52prq_116p11kl8vxdls_qth0000gn/T


[Tue Jan 16 22:40:33 2024]
rule get_relative_spikegroups:
    input: results/Immunological_Landscape_ALL, results/Daily_SpikeGroups_Freq.csv, results/Susceptible_weighted_mean_over_spikegroups_all_PK.csv
    output: plots/relative_groups/As_Spikegroups, plots/relative_groups/As_Spikegroups/plot_status.csv
    jobid: 6
    reason: Input files updated by another job: results/Susceptible_weighted_mean_over_spikegroups_all_PK.csv; Params have changed since last execution
    resources: tmpdir=/var/folders/fn/52prq_116p11kl8vxdls_qth0000gn/T


[Tue Jan 16 22:40:33 2024]
rule get_absolute_advantage:
    input: smoothed_phi_estimates_gisaid_USA_vasil.csv, results/Susceptible_weighted_mean_over_spikegroups_all_PK.csv
    output: plots/absolute, plots/absolute/absolute_estimate.pdf, plots/absolute/absolute_estimate.svg
    jobid: 2
    reason: Input files updated by another job: results/Susceptible_weighted_mean_over_spikegroups_all_PK.csv; Params have changed since last execution
    resources: tmpdir=/var/folders/fn/52prq_116p11kl8vxdls_qth0000gn/T

[Tue Jan 16 22:40:36 2024]
Finished job 2.
2 of 5 steps (40%) done
[Tue Jan 16 22:40:43 2024]
Finished job 6.
3 of 5 steps (60%) done
[Tue Jan 16 22:40:58 2024]
Finished job 5.
4 of 5 steps (80%) done
Select jobs to execute...

[Tue Jan 16 22:40:58 2024]
localrule all:
    input: results/Susceptible_weighted_mean_over_spikegroups_all_PK.csv, plots/absolute/absolute_estimate.pdf, plots/absolute/absolute_estimate.svg, plots/Spikes_Props/SpikeGroups_Props_overview.pdf, plots/Cross_spikegroups/Cross_React_AB_A.pdf, plots/relative_groups/As_Lineages/plot_status.csv, plots/relative_groups/As_Spikegroups/plot_status.csv
    jobid: 0
    reason: Input files updated by another job: plots/relative_groups/As_Lineages/plot_status.csv, plots/relative_groups/As_Spikegroups/plot_status.csv, plots/absolute/absolute_estimate.svg, plots/absolute/absolute_estimate.pdf, results/Susceptible_weighted_mean_over_spikegroups_all_PK.csv
    resources: tmpdir=/var/folders/fn/52prq_116p11kl8vxdls_qth0000gn/T

[Tue Jan 16 22:40:58 2024]
Finished job 0.
5 of 5 steps (100%) done
Complete log: .snakemake/log/2024-01-16T224027.858562.snakemake.log
