[1] "Number of RBD sites: 180"
[1] "Antibody classes:  A,B,C,D1,D2,E1,E2.1,E2.2,E3,F1,F2,F3"
[1] "Number of antibodies:  1535"
Timeline of lineage proportions: 2022-02-01 -- 2023-11-24
[1] "Number of antibodies per group:"

   A    B    C   D1   D2   E1 E2.1 E2.2   E3   F1   F2   F3 
 109   51   88   40   32   61   25   41   63   92  167   67 

Timeline of lineage proportions: 2022-02-01 -- 2023-11-24
Python Output: Number of lineages:  1312
Python Output: Number of genomes:  284354
Consonar data does not have the column week_num of the calendar week

[1] "Timeframe of extracted mutation profiles 2022-02-01 to 2023-11-24"
[1] "nan"
 [1] E:del:1:76       M:del:1:223      N:del:1:420      ORF10:del:1:39  
 [5] ORF1a:del:1:4406 ORF1b:del:1:7097 ORF3a:del:1:276  ORF6:del:1:62   
 [9] ORF7a:del:1:122  ORF7b:del:1:44   ORF8:del:1:122   S:del:1:1274    
12 Levels: E:del:1:76 M:del:1:223 N:del:1:420 ... S:del:1:1274

[1] "UNASSIGNED"
[1] ORF1a:P3395H ORF1b:P3395H E:T9I        M:A63T       M:Q19E      
[6] N:P13L       N:del:30:4   ORF1b:P4715L
113 Levels: E:T9I M:A63T M:D3G M:Q19E M:del:105:119 N:G204R N:P13L ... S:del:24:4

[1] "Number of lineages in this dataset: 1312"
[1] "Number of mutations in the spike protein for all given lineages: 459"
[1] "Number of mutations in the NTD region of the spike for all given lineages: 64"
[1] "Number of mutations in the RBD region of the spike for all given lineages: 110"
[1] "Number of Spike-Pseudogroups found: 98"
[1] "Number of individual lineages: 282"
[1] "Number of lineages / Spike-pseudogroups found with >  100  genomes available in the dataset that are plotted as a heatmap: 80"

Python Output: Number of Spikegroups: 141 (above 1.0 % in some calendar day) + 1 Wuhan-Hu-1
Python Output: Number of lineages composing Spikegroups (above 1.0 % in some calendar day): 1030