Building DAG of jobs...
Using shell: /bin/bash
Provided cores: 8
Rules claiming more threads will be scaled down.
Job stats:
job                              count
-----------------------------  -------
all                                  1
get_absolute_advantage               1
get_relative_lineages                1
get_relative_spikegroups             1
get_spike_props_overview             1
get_susceptible_weighted_mean        1
plot_cross_spk                       1
total                                7

Select jobs to execute...
Failed to solve scheduling problem with ILP solver. Falling back to greedy solver. Run Snakemake with --verbose to see the full solver output for debugging the problem.

[Tue Jan 16 20:24:29 2024]
rule get_susceptible_weighted_mean:
    input: results/SpikeGroups.pck, results/Daily_SpikeGroups_Freq.csv
    output: results/Susceptible_weighted_mean_over_spikegroups_all_PK.csv
    jobid: 1
    reason: Missing output files: results/Susceptible_weighted_mean_over_spikegroups_all_PK.csv; Updated input files: results/Daily_SpikeGroups_Freq.csv, results/SpikeGroups.pck
    resources: tmpdir=/var/folders/fn/52prq_116p11kl8vxdls_qth0000gn/T


[Tue Jan 16 20:24:29 2024]
rule plot_cross_spk:
    input: results/Cross_react_dic_spikegroups_ALL.pck
    output: plots/Cross_spikegroups, plots/Cross_spikegroups/Cross_React_AB_A.pdf
    jobid: 4
    reason: Missing output files: plots/Cross_spikegroups/Cross_React_AB_A.pdf
    resources: tmpdir=/var/folders/fn/52prq_116p11kl8vxdls_qth0000gn/T


[Tue Jan 16 20:24:29 2024]
rule get_spike_props_overview:
    input: results/Daily_SpikeGroups_Freq.csv
    output: plots/Spikes_Props, plots/Spikes_Props/SpikeGroups_Props_overview.pdf
    jobid: 3
    reason: Missing output files: plots/Spikes_Props/SpikeGroups_Props_overview.pdf
    resources: tmpdir=/var/folders/fn/52prq_116p11kl8vxdls_qth0000gn/T

[Tue Jan 16 20:24:35 2024]
Finished job 3.
1 of 7 steps (14%) done
[Tue Jan 16 20:24:37 2024]
Finished job 4.
2 of 7 steps (29%) done
[Tue Jan 16 20:24:37 2024]
Finished job 1.
3 of 7 steps (43%) done
Select jobs to execute...
Failed to solve scheduling problem with ILP solver. Falling back to greedy solver. Run Snakemake with --verbose to see the full solver output for debugging the problem.

[Tue Jan 16 20:24:37 2024]
rule get_relative_lineages:
    input: results/Immunological_Landscape_ALL, results/Daily_SpikeGroups_Freq.csv, results/Susceptible_weighted_mean_over_spikegroups_all_PK.csv
    output: plots/relative_groups/As_Lineages, plots/relative_groups/As_Lineages/plot_status.csv
    jobid: 5
    reason: Input files updated by another job: results/Susceptible_weighted_mean_over_spikegroups_all_PK.csv
    resources: tmpdir=/var/folders/fn/52prq_116p11kl8vxdls_qth0000gn/T


[Tue Jan 16 20:24:37 2024]
rule get_relative_spikegroups:
    input: results/Immunological_Landscape_ALL, results/Daily_SpikeGroups_Freq.csv, results/Susceptible_weighted_mean_over_spikegroups_all_PK.csv
    output: plots/relative_groups/As_Spikegroups, plots/relative_groups/As_Spikegroups/plot_status.csv
    jobid: 6
    reason: Input files updated by another job: results/Susceptible_weighted_mean_over_spikegroups_all_PK.csv
    resources: tmpdir=/var/folders/fn/52prq_116p11kl8vxdls_qth0000gn/T


[Tue Jan 16 20:24:37 2024]
rule get_absolute_advantage:
    input: smoothed_phi_estimates_gisaid_France_vasil.csv, results/Susceptible_weighted_mean_over_spikegroups_all_PK.csv
    output: plots/absolute, plots/absolute/absolute_estimate.pdf, plots/absolute/absolute_estimate.svg
    jobid: 2
    reason: Input files updated by another job: results/Susceptible_weighted_mean_over_spikegroups_all_PK.csv
    resources: tmpdir=/var/folders/fn/52prq_116p11kl8vxdls_qth0000gn/T

[Tue Jan 16 20:24:39 2024]
Finished job 2.
4 of 7 steps (57%) done
[Tue Jan 16 20:24:45 2024]
Finished job 6.
5 of 7 steps (71%) done
[Tue Jan 16 20:24:58 2024]
Finished job 5.
6 of 7 steps (86%) done
Select jobs to execute...

[Tue Jan 16 20:24:58 2024]
localrule all:
    input: results/Susceptible_weighted_mean_over_spikegroups_all_PK.csv, plots/absolute/absolute_estimate.pdf, plots/absolute/absolute_estimate.svg, plots/Spikes_Props/SpikeGroups_Props_overview.pdf, plots/Cross_spikegroups/Cross_React_AB_A.pdf, plots/relative_groups/As_Lineages/plot_status.csv, plots/relative_groups/As_Spikegroups/plot_status.csv
    jobid: 0
    reason: Input files updated by another job: plots/relative_groups/As_Lineages/plot_status.csv, plots/absolute/absolute_estimate.svg, plots/absolute/absolute_estimate.pdf, plots/Spikes_Props/SpikeGroups_Props_overview.pdf, plots/relative_groups/As_Spikegroups/plot_status.csv, results/Susceptible_weighted_mean_over_spikegroups_all_PK.csv, plots/Cross_spikegroups/Cross_React_AB_A.pdf
    resources: tmpdir=/var/folders/fn/52prq_116p11kl8vxdls_qth0000gn/T

[Tue Jan 16 20:24:58 2024]
Finished job 0.
7 of 7 steps (100%) done
Complete log: .snakemake/log/2024-01-16T202428.620813.snakemake.log
