Building DAG of jobs...
Using shell: /bin/bash
Provided cores: 8
Rules claiming more threads will be scaled down.
Job stats:
job                             count
----------------------------  -------
all                                 1
compute_cross_delta                 1
get_lineages_frequencies            1
get_mutation_and_spikegroups        1
get_spikegroups_frequencies         1
total                               5

Select jobs to execute...
Failed to solve scheduling problem with ILP solver. Falling back to greedy solver. Run Snakemake with --verbose to see the full solver output for debugging the problem.

[Tue Jan 16 12:04:10 2024]
rule get_lineages_frequencies:
    input: gisaid_France.tsv
    output: results/Daily_Lineages_Freq_seq_thres_100.csv
    jobid: 2
    reason: Missing output files: results/Daily_Lineages_Freq_seq_thres_100.csv
    resources: tmpdir=/var/folders/fn/52prq_116p11kl8vxdls_qth0000gn/T


[Tue Jan 16 12:04:10 2024]
rule get_mutation_and_spikegroups:
    input: gisaid_France.tsv, results/epitope_data/dms_per_ab_per_site.csv
    output: results/mutation_data, results/mutation_data/mutationprofile_RBD_NTD_mutations.csv, results/mutation_data/mutationprofile_RBD_NTD_pseudogroups.csv
    jobid: 3
    reason: Missing output files: results/mutation_data/mutationprofile_RBD_NTD_mutations.csv, results/mutation_data/mutationprofile_RBD_NTD_pseudogroups.csv
    resources: tmpdir=/var/folders/fn/52prq_116p11kl8vxdls_qth0000gn/T

[Tue Jan 16 12:04:19 2024]
Finished job 2.
1 of 5 steps (20%) done
[Tue Jan 16 12:04:37 2024]
Finished job 3.
2 of 5 steps (40%) done
Select jobs to execute...

[Tue Jan 16 12:04:37 2024]
rule get_spikegroups_frequencies:
    input: smoothed_phi_estimates_gisaid_France_vasil.csv, results/Daily_Lineages_Freq_seq_thres_100.csv, results/mutation_data/mutationprofile_RBD_NTD_mutations.csv, results/mutation_data/mutationprofile_RBD_NTD_pseudogroups.csv
    output: results/Daily_SpikeGroups_Freq.csv, results/SpikeGroups.pck, results/Mutation_Profiles.pck, results/Daily_Lineages_Freq_1_percent.csv
    jobid: 1
    reason: Missing output files: results/Daily_SpikeGroups_Freq.csv; Input files updated by another job: results/mutation_data/mutationprofile_RBD_NTD_mutations.csv, results/mutation_data/mutationprofile_RBD_NTD_pseudogroups.csv, results/Daily_Lineages_Freq_seq_thres_100.csv
    resources: tmpdir=/var/folders/fn/52prq_116p11kl8vxdls_qth0000gn/T

[Tue Jan 16 12:05:26 2024]
Finished job 1.
3 of 5 steps (60%) done
Select jobs to execute...

[Tue Jan 16 12:05:26 2024]
rule compute_cross_delta:
    input: results/SpikeGroups.pck, results/Mutation_Profiles.pck, results/epitope_data/dms_per_ab_per_site.csv
    output: results/Cross_with_delta_valitation.pck
    jobid: 5
    reason: Input files updated by another job: results/SpikeGroups.pck, results/Mutation_Profiles.pck
    resources: tmpdir=/var/folders/fn/52prq_116p11kl8vxdls_qth0000gn/T

[Tue Jan 16 12:05:28 2024]
Finished job 5.
4 of 5 steps (80%) done
Select jobs to execute...

[Tue Jan 16 12:05:28 2024]
localrule all:
    input: results/Daily_SpikeGroups_Freq.csv, results/SpikeGroups.pck, results/Mutation_Profiles.pck, results/epitope_data/dms_per_ab_per_site.csv, results/Cross_with_delta_valitation.pck, results/Daily_Lineages_Freq_1_percent.csv
    jobid: 0
    reason: Input files updated by another job: results/Cross_with_delta_valitation.pck, results/Daily_SpikeGroups_Freq.csv, results/SpikeGroups.pck, results/Daily_Lineages_Freq_1_percent.csv, results/Mutation_Profiles.pck
    resources: tmpdir=/var/folders/fn/52prq_116p11kl8vxdls_qth0000gn/T

[Tue Jan 16 12:05:28 2024]
Finished job 0.
5 of 5 steps (100%) done
Complete log: .snakemake/log/2024-01-16T120409.683896.snakemake.log
