Building DAG of jobs...
Using shell: /bin/bash
Provided cores: 8
Rules claiming more threads will be scaled down.
Job stats:
job                            count
---------------------------  -------
all                                1
compute_cross_delta                1
get_spikegroups_frequencies        1
total                              3

Select jobs to execute...

[Mon Jan 15 21:22:42 2024]
rule get_spikegroups_frequencies:
    input: smoothed_phi_estimates_Denmark_custom2.csv, results/Daily_Lineages_Freq_seq_thres_100.csv, results/mutation_data/mutationprofile_RBD_NTD_mutations.csv, results/mutation_data/mutationprofile_RBD_NTD_pseudogroups.csv
    output: results/Daily_SpikeGroups_Freq.csv, results/SpikeGroups.pck, results/Mutation_Profiles.pck, results/Daily_Lineages_Freq_1_percent.csv
    jobid: 1
    reason: Missing output files: results/Daily_SpikeGroups_Freq.csv
    resources: tmpdir=/var/folders/fn/52prq_116p11kl8vxdls_qth0000gn/T

[Mon Jan 15 21:23:23 2024]
Finished job 1.
1 of 3 steps (33%) done
Select jobs to execute...

[Mon Jan 15 21:23:23 2024]
rule compute_cross_delta:
    input: results/SpikeGroups.pck, results/Mutation_Profiles.pck, results/epitope_data/dms_per_ab_per_site.csv
    output: results/Cross_with_delta_valitation.pck
    jobid: 4
    reason: Input files updated by another job: results/SpikeGroups.pck, results/Mutation_Profiles.pck
    resources: tmpdir=/var/folders/fn/52prq_116p11kl8vxdls_qth0000gn/T

[Mon Jan 15 21:23:25 2024]
Finished job 4.
2 of 3 steps (67%) done
Select jobs to execute...

[Mon Jan 15 21:23:25 2024]
localrule all:
    input: results/Daily_SpikeGroups_Freq.csv, results/SpikeGroups.pck, results/Mutation_Profiles.pck, results/epitope_data/dms_per_ab_per_site.csv, results/Cross_with_delta_valitation.pck, results/Daily_Lineages_Freq_1_percent.csv
    jobid: 0
    reason: Input files updated by another job: results/Daily_Lineages_Freq_1_percent.csv, results/SpikeGroups.pck, results/Daily_SpikeGroups_Freq.csv, results/Mutation_Profiles.pck, results/Cross_with_delta_valitation.pck
    resources: tmpdir=/var/folders/fn/52prq_116p11kl8vxdls_qth0000gn/T

[Mon Jan 15 21:23:25 2024]
Finished job 0.
3 of 3 steps (100%) done
Complete log: .snakemake/log/2024-01-15T212242.410621.snakemake.log
