Building DAG of jobs...
Using shell: /bin/bash
Provided cores: 8
Rules claiming more threads will be scaled down.
Job stats:
job                                 count
--------------------------------  -------
all                                     1
get_Immunological_Landscape_all         1
get_cross_neutralization_missing        1
total                                   3

Select jobs to execute...

[Tue Jan 16 15:16:53 2024]
rule get_cross_neutralization_missing:
    input: results/SpikeGroups.pck, results/Mutation_Profiles.pck, results/epitope_data/dms_per_ab_per_site.csv, results/Cross_react_dic_spikegroups_ALL.pck
    output: results/Cross_react_dic_spikegroups_present.pck
    jobid: 6
    reason: Missing output files: results/Cross_react_dic_spikegroups_present.pck
    resources: tmpdir=/var/folders/fn/52prq_116p11kl8vxdls_qth0000gn/T

[Tue Jan 16 17:15:21 2024]
Finished job 6.
1 of 3 steps (33%) done
Select jobs to execute...

[Tue Jan 16 17:15:21 2024]
rule get_Immunological_Landscape_all:
    input: smoothed_phi_estimates_gisaid_Australia_vasil.csv, results/Cross_with_delta_valitation.pck, results/Cross_react_dic_spikegroups_present.pck, results/SpikeGroups.pck, results/Daily_SpikeGroups_Freq.csv, results/epitope_data/dms_per_ab_per_site.csv, Clinical_Delta_VE.xlsx
    output: results/Immunological_Landscape_ALL, results/Immunological_Landscape_ALL/simulation_status_ALL.csv
    jobid: 5
    reason: Missing output files: results/Immunological_Landscape_ALL/simulation_status_ALL.csv; Input files updated by another job: results/Cross_react_dic_spikegroups_present.pck
    resources: tmpdir=/var/folders/fn/52prq_116p11kl8vxdls_qth0000gn/T

[Tue Jan 16 17:17:30 2024]
Finished job 5.
2 of 3 steps (67%) done
Select jobs to execute...

[Tue Jan 16 17:17:30 2024]
localrule all:
    input: results/Daily_SpikeGroups_Freq.csv, results/SpikeGroups.pck, results/Mutation_Profiles.pck, results/epitope_data/dms_per_ab_per_site.csv, results/Cross_with_delta_valitation.pck, results/Daily_Lineages_Freq_1_percent.csv, results/Immunological_Landscape_ALL/simulation_status_ALL.csv, results/Cross_react_dic_spikegroups_present.pck
    jobid: 0
    reason: Input files updated by another job: results/Immunological_Landscape_ALL/simulation_status_ALL.csv, results/Cross_react_dic_spikegroups_present.pck
    resources: tmpdir=/var/folders/fn/52prq_116p11kl8vxdls_qth0000gn/T

Waiting at most 5 seconds for missing files.
